<?xml version="1.0" encoding="UTF-8"?>
<!-- Generated by org.testng.reporters.JUnitXMLReporter -->
<testsuite ignored="2" hostname="DESKTOP-O0NLTGO" failures="0" tests="3" name="GRP-regression" time="0.199" errors="0" timestamp="2024-09-28T12:52:49 IST">
  <testcase classname="uid.Video6_groups" name="fooTest1" time="0.014"/>
  <testcase classname="uid.Video6_groups" name="fooTest2" time="0.004"/>
  <testcase classname="uid.Video6_groups" name="fooTest3" time="0.01"/>
  <testcase classname="uid.Video6_groups" name="fooTest4" time="0.0">
    <ignored/>
  </testcase> <!-- fooTest4 -->
  <testcase classname="uid.Video6_groups" name="fooTest" time="0.0">
    <ignored/>
  </testcase> <!-- fooTest -->
</testsuite> <!-- GRP-regression -->
