<?xml version="1.0" encoding="UTF-8"?>
<!-- Generated by org.testng.reporters.JUnitXMLReporter -->
<testsuite ignored="2" hostname="DESKTOP-O0NLTGO" failures="0" tests="2" name="GRP-car" time="0.145" errors="0" timestamp="2024-09-28T15:38:58 IST">
  <testcase classname="uid.Suite.Video10_Suite2" name="test1" time="0.009"/>
  <testcase classname="uid.Suite.Video10_Suite2" name="test2" time="0.003"/>
  <testcase classname="uid.Suite.Video10_Suite2" name="test3" time="0.0">
    <ignored/>
  </testcase> <!-- test3 -->
  <testcase classname="uid.Suite.Video10_Suite2" name="test4" time="0.0">
    <ignored/>
  </testcase> <!-- test4 -->
</testsuite> <!-- GRP-car -->
