<?xml version="1.0" encoding="UTF-8"?>
<!-- Generated by org.testng.reporters.JUnitXMLReporter -->
<testsuite ignored="0" hostname="DESKTOP-O0NLTGO" failures="0" tests="5" name="GRP-from" time="0.202" errors="0" timestamp="2024-09-28T12:58:56 IST">
  <testcase classname="uid.Video6_groups" name="fooTest" time="0.018"/>
  <testcase classname="uid.Video6_groups" name="fooTest1" time="0.011"/>
  <testcase classname="uid.Video6_groups" name="fooTest2" time="0.008"/>
  <testcase classname="uid.Video6_groups" name="fooTest3" time="0.003"/>
  <testcase classname="uid.Video6_groups" name="fooTest4" time="0.002"/>
</testsuite> <!-- GRP-from -->
