<?xml version="1.0" encoding="UTF-8"?>
<!-- Generated by org.testng.reporters.JUnitXMLReporter -->
<testsuite ignored="4" hostname="DESKTOP-O0NLTGO" failures="0" tests="4" name="GRP-bvt" time="0.141" errors="0" timestamp="2024-09-28T14:52:56 IST">
  <testcase classname="uid.BeforeClassVsBeforeGroup" name="TC1" time="0.007"/>
  <testcase classname="uid.BeforeClassVsBeforeGroup" name="TC3" time="0.001"/>
  <testcase classname="uid.Video6_groups" name="fooTest" time="0.002"/>
  <testcase classname="uid.Video6_groups" name="fooTest2" time="0.002"/>
  <testcase classname="uid.Video6_groups" name="fooTest4" time="0.0">
    <ignored/>
  </testcase> <!-- fooTest4 -->
  <testcase classname="uid.BeforeClassVsBeforeGroup" name="TC2" time="0.0">
    <ignored/>
  </testcase> <!-- TC2 -->
  <testcase classname="uid.Video6_groups" name="fooTest3" time="0.0">
    <ignored/>
  </testcase> <!-- fooTest3 -->
  <testcase classname="uid.Video6_groups" name="fooTest1" time="0.0">
    <ignored/>
  </testcase> <!-- fooTest1 -->
</testsuite> <!-- GRP-bvt -->
