<?xml version="1.0" encoding="UTF-8"?>
<!-- Generated by org.testng.reporters.JUnitXMLReporter -->
<testsuite ignored="0" hostname="DESKTOP-O0NLTGO" failures="1" tests="3" name="UI_suite-Test" time="7.879" errors="0" timestamp="2024-09-28T13:22:08 IST">
  <testcase classname="uid.Vedio3_BeforeTestvsBeforeMethod" name="fooTesting" time="0.011"/>
  <testcase classname="uid.Vedio3_BeforeTestvsBeforeMethod" name="afooTesting1" time="0.002"/>
  <testcase classname="uid.Video4_AssertionsTestng" name="test_2" time="7.595">
    <failure type="java.lang.AssertionError" message="expected [Electronics, Cars, Fashion, Collectibles &amp;amp; More | eBay1234] but found [Electronics, Cars, Fashion, Collectibles &amp;amp; More | eBay]">
      <![CDATA[java.lang.AssertionError: expected [Electronics, Cars, Fashion, Collectibles & More | eBay1234] but found [Electronics, Cars, Fashion, Collectibles & More | eBay]
at uid.Video4_AssertionsTestng.test_2(Video4_AssertionsTestng.java:22)
at java.base/java.util.ArrayList.forEach(ArrayList.java:1541)
... Removed 34 stack frames]]>
    </failure>
  </testcase> <!-- test_2 -->
</testsuite> <!-- UI_suite-Test -->
