<?xml version="1.0" encoding="UTF-8"?>
<!-- Generated by org.testng.reporters.JUnitXMLReporter -->
<testsuite ignored="0" hostname="DESKTOP-O0NLTGO" failures="0" tests="4" name="Annotation-Suite-Test" time="0.191" errors="0" timestamp="2024-09-28T15:41:01 IST">
  <testcase classname="uid.Suite.Video10_Suite2" name="test1" time="0.009"/>
  <testcase classname="uid.Suite.Video10_Suite2" name="test2" time="0.004"/>
  <testcase classname="uid.Suite.Video10_Suite2" name="test3" time="0.002"/>
  <testcase classname="uid.Suite.Video10_Suite2" name="test4" time="0.002"/>
</testsuite> <!-- Annotation-Suite-Test -->
