<?xml version="1.0" encoding="UTF-8"?>
<testng-results ignored="0" total="5" passed="5" failed="0" skipped="0">
  <reporter-output>
  </reporter-output>
  <suite started-at="2024-10-03T15:53:13 IST" name="Parrallel" finished-at="2024-10-03T15:53:31 IST" duration-ms="17365">
    <groups>
    </groups>
    <test started-at="2024-10-03T15:53:13 IST" name="Parrallel" finished-at="2024-10-03T15:53:31 IST" duration-ms="17365">
      <class name="ParallelTesting.DemoParrallel">
        <test-method signature="Test4()[pri:0, instance:ParallelTesting.DemoParrallel@7c137fd5]" started-at="2024-10-03T15:53:13 IST" name="Test4" finished-at="2024-10-03T15:53:21 IST" duration-ms="7216" status="PASS">
          <reporter-output>
          </reporter-output>
        </test-method> <!-- Test4 -->
        <test-method signature="Test1()[pri:0, instance:ParallelTesting.DemoParrallel@7c137fd5]" started-at="2024-10-03T15:53:13 IST" name="Test1" finished-at="2024-10-03T15:53:23 IST" duration-ms="9511" status="PASS">
          <reporter-output>
          </reporter-output>
        </test-method> <!-- Test1 -->
        <test-method signature="Test3()[pri:0, instance:ParallelTesting.DemoParrallel@7c137fd5]" started-at="2024-10-03T15:53:13 IST" name="Test3" finished-at="2024-10-03T15:53:31 IST" duration-ms="17234" status="PASS">
          <reporter-output>
          </reporter-output>
        </test-method> <!-- Test3 -->
        <test-method signature="Test2()[pri:0, instance:ParallelTesting.DemoParrallel@7c137fd5]" started-at="2024-10-03T15:53:13 IST" name="Test2" finished-at="2024-10-03T15:53:23 IST" duration-ms="9245" status="PASS">
          <reporter-output>
          </reporter-output>
        </test-method> <!-- Test2 -->
        <test-method signature="Test5()[pri:0, instance:ParallelTesting.DemoParrallel@7c137fd5]" started-at="2024-10-03T15:53:21 IST" name="Test5" finished-at="2024-10-03T15:53:29 IST" duration-ms="8181" status="PASS">
          <reporter-output>
          </reporter-output>
        </test-method> <!-- Test5 -->
      </class> <!-- ParallelTesting.DemoParrallel -->
    </test> <!-- Parrallel -->
  </suite> <!-- Parrallel -->
</testng-results>
