<?xml version="1.0" encoding="UTF-8"?>
<!-- Generated by org.testng.reporters.JUnitXMLReporter -->
<testsuite ignored="0" hostname="DESKTOP-O0NLTGO" failures="1" tests="3" name="Passing Parameter" time="8.638" errors="0" timestamp="2024-10-02T07:58:35 IST">
  <testcase classname="Video14_Pass_ParameterTestNGxml.LaunchBrowser" name="launch" time="8.497"/>
  <testcase classname="Video14_Pass_ParameterTestNGxml.LaunchBrowser" name="testcase2" time="0.023">
    <failure type="java.lang.AssertionError" message="expected [true] but found [false]">
      <![CDATA[java.lang.AssertionError: expected [true] but found [false]
at Video14_Pass_ParameterTestNGxml.LaunchBrowser.testcase2(LaunchBrowser.java:51)
at java.base/java.util.ArrayList.forEach(ArrayList.java:1541)
... Removed 31 stack frames]]>
    </failure>
  </testcase> <!-- testcase2 -->
  <testcase classname="Video14_Pass_ParameterTestNGxml.LaunchBrowser" name="testcase3" time="0.003"/>
</testsuite> <!-- Passing Parameter -->
